<?xml version="1.0" encoding="UTF-8"?>
<!-- Generated by org.testng.reporters.JUnitXMLReporter -->
<testsuite hostname="ND2-VW090-Q0030" name="Default test" tests="3" failures="0" timestamp="28 Nov 2018 21:54:38 GMT" time="75.583" errors="0">
  <testcase name="tc_AccountMaintenance" time="32.618" classname="testSuites.TS_SmokeTest"/>
  <testcase name="tc_LoginTest" time="17.069" classname="testSuites.TS_SmokeTest"/>
  <testcase name="tc_SalesProjections" time="19.132" classname="testSuites.TS_SmokeTest"/>
</testsuite> <!-- Default test -->
