<?xml version="1.0" encoding="UTF-8"?>
<!-- Generated by org.testng.reporters.JUnitXMLReporter -->
<testsuite hostname="ND2-VW090-Q0030" name="Default test" tests="3" failures="0" timestamp="17 Jan 2019 22:01:36 GMT" time="83.179" errors="0">
  <testcase name="tc_LoginTest" time="25.65" classname="testSuites.TS_SmokeTest"/>
  <testcase name="tc_AccountMaintenance" time="26.207" classname="testSuites.TS_SmokeTest"/>
  <testcase name="tc_SalesProjections" time="24.848" classname="testSuites.TS_SmokeTest"/>
</testsuite> <!-- Default test -->
