<?xml version="1.0" encoding="UTF-8"?>
<testng-results skipped="0" failed="0" total="1" passed="1">
  <reporter-output>
  </reporter-output>
  <suite name="Suite" duration-ms="22309" started-at="2018-11-27T18:14:28Z" finished-at="2018-11-27T18:14:51Z">
    <groups>
    </groups>
    <test name="Test" duration-ms="22309" started-at="2018-11-27T18:14:28Z" finished-at="2018-11-27T18:14:51Z">
      <class name="testSuites.TS_SmokeTest">
        <test-method status="PASS" signature="setup()[pri:0, instance:testSuites.TS_SmokeTest@4cdbe50f]" name="setup" is-config="true" duration-ms="4735" started-at="2018-11-27T13:14:28Z" finished-at="2018-11-27T13:14:33Z">
          <reporter-output>
          </reporter-output>
        </test-method> <!-- setup -->
        <test-method status="PASS" signature="tc_LoginTest()[pri:0, instance:testSuites.TS_SmokeTest@4cdbe50f]" name="tc_LoginTest" duration-ms="17485" started-at="2018-11-27T13:14:33Z" finished-at="2018-11-27T13:14:51Z">
          <reporter-output>
          </reporter-output>
        </test-method> <!-- tc_LoginTest -->
        <test-method status="PASS" signature="teardown()[pri:0, instance:testSuites.TS_SmokeTest@4cdbe50f]" name="teardown" is-config="true" duration-ms="79" started-at="2018-11-27T13:14:51Z" finished-at="2018-11-27T13:14:51Z">
          <reporter-output>
          </reporter-output>
        </test-method> <!-- teardown -->
      </class> <!-- testSuites.TS_SmokeTest -->
    </test> <!-- Test -->
  </suite> <!-- Suite -->
</testng-results>
