<?xml version="1.0" encoding="UTF-8"?>
<testng-results skipped="0" failed="0" total="1" passed="1">
  <reporter-output>
  </reporter-output>
  <suite name="Suite" duration-ms="9127" started-at="2018-11-16T18:41:38Z" finished-at="2018-11-16T18:41:47Z">
    <groups>
    </groups>
    <test name="Test" duration-ms="9127" started-at="2018-11-16T18:41:38Z" finished-at="2018-11-16T18:41:47Z">
      <class name="testSuites.TS_SmokeTest">
        <test-method status="PASS" signature="setup()[pri:0, instance:testSuites.TS_SmokeTest@4cdbe50f]" name="setup" is-config="true" duration-ms="9107" started-at="2018-11-16T13:41:38Z" finished-at="2018-11-16T13:41:47Z">
          <reporter-output>
          </reporter-output>
        </test-method> <!-- setup -->
        <test-method status="PASS" signature="teardown()[pri:0, instance:testSuites.TS_SmokeTest@4cdbe50f]" name="teardown" is-config="true" duration-ms="0" started-at="2018-11-16T13:41:47Z" finished-at="2018-11-16T13:41:47Z">
          <reporter-output>
          </reporter-output>
        </test-method> <!-- teardown -->
        <test-method status="PASS" signature="tc_LoginTest()[pri:0, instance:testSuites.TS_SmokeTest@4cdbe50f]" name="tc_LoginTest" duration-ms="0" started-at="2018-11-16T13:41:47Z" finished-at="2018-11-16T13:41:47Z">
          <reporter-output>
          </reporter-output>
        </test-method> <!-- tc_LoginTest -->
      </class> <!-- testSuites.TS_SmokeTest -->
    </test> <!-- Test -->
  </suite> <!-- Suite -->
</testng-results>
