<?xml version="1.0" encoding="UTF-8"?>
<testng-results skipped="0" failed="1" total="3" passed="2">
  <reporter-output>
  </reporter-output>
  <suite name="Suite" duration-ms="137733" started-at="2019-01-04T19:11:53Z" finished-at="2019-01-04T19:14:11Z">
    <groups>
    </groups>
    <test name="Test" duration-ms="137733" started-at="2019-01-04T19:11:53Z" finished-at="2019-01-04T19:14:11Z">
      <class name="testSuites.TS_SmokeTest">
        <test-method status="PASS" signature="setup()[pri:0, instance:testSuites.TS_SmokeTest@724af044]" name="setup" is-config="true" duration-ms="10182" started-at="2019-01-04T14:11:53Z" finished-at="2019-01-04T14:12:03Z">
          <reporter-output>
          </reporter-output>
        </test-method> <!-- setup -->
        <test-method status="PASS" signature="Navigate()[pri:0, instance:testSuites.TS_SmokeTest@724af044]" name="Navigate" is-config="true" duration-ms="170" started-at="2019-01-04T14:12:03Z" depends-on-methods="testSuites.TestBase.setup" finished-at="2019-01-04T14:12:04Z">
          <reporter-output>
          </reporter-output>
        </test-method> <!-- Navigate -->
        <test-method status="PASS" signature="tc_LoginTest()[pri:0, instance:testSuites.TS_SmokeTest@724af044]" name="tc_LoginTest" duration-ms="39693" started-at="2019-01-04T14:12:04Z" finished-at="2019-01-04T14:12:43Z">
          <reporter-output>
          </reporter-output>
        </test-method> <!-- tc_LoginTest -->
        <test-method status="PASS" signature="cleanup(org.testng.ITestResult)[pri:0, instance:testSuites.TS_SmokeTest@724af044]" name="cleanup" is-config="true" duration-ms="170" started-at="2019-01-04T14:12:43Z" finished-at="2019-01-04T14:12:43Z">
          <params>
            <param index="0">
              <value>
                <![CDATA[[TestResult name=tc_LoginTest status=SUCCESS method=TS_SmokeTest.tc_LoginTest()[pri:0, instance:testSuites.TS_SmokeTest@724af044] output={null}]]]>
              </value>
            </param>
          </params>
          <reporter-output>
          </reporter-output>
        </test-method> <!-- cleanup -->
        <test-method status="FAIL" signature="tc_AccountMaintenance()[pri:0, instance:testSuites.TS_SmokeTest@724af044]" name="tc_AccountMaintenance" duration-ms="43789" started-at="2019-01-04T14:12:43Z" finished-at="2019-01-04T14:13:27Z">
          <exception class="java.lang.AssertionError">
            <full-stacktrace>
              <![CDATA[java.lang.AssertionError
	at org.junit.Assert.fail(Assert.java:92)
	at org.junit.Assert.fail(Assert.java:100)
	at testSuites.TS_SmokeTest.tc_AccountMaintenance(TS_SmokeTest.java:55)
	at sun.reflect.NativeMethodAccessorImpl.invoke0(Native Method)
	at sun.reflect.NativeMethodAccessorImpl.invoke(NativeMethodAccessorImpl.java:62)
	at sun.reflect.DelegatingMethodAccessorImpl.invoke(DelegatingMethodAccessorImpl.java:43)
	at java.lang.reflect.Method.invoke(Method.java:498)
	at org.testng.internal.MethodInvocationHelper.invokeMethod(MethodInvocationHelper.java:80)
	at org.testng.internal.Invoker.invokeMethod(Invoker.java:714)
	at org.testng.internal.Invoker.invokeTestMethod(Invoker.java:901)
	at org.testng.internal.Invoker.invokeTestMethods(Invoker.java:1231)
	at org.testng.internal.TestMethodWorker.invokeTestMethods(TestMethodWorker.java:127)
	at org.testng.internal.TestMethodWorker.run(TestMethodWorker.java:111)
	at org.testng.TestRunner.privateRun(TestRunner.java:767)
	at org.testng.TestRunner.run(TestRunner.java:617)
	at org.testng.SuiteRunner.runTest(SuiteRunner.java:334)
	at org.testng.SuiteRunner.runSequentially(SuiteRunner.java:329)
	at org.testng.SuiteRunner.privateRun(SuiteRunner.java:291)
	at org.testng.SuiteRunner.run(SuiteRunner.java:240)
	at org.testng.SuiteRunnerWorker.runSuite(SuiteRunnerWorker.java:52)
	at org.testng.SuiteRunnerWorker.run(SuiteRunnerWorker.java:86)
	at org.testng.TestNG.runSuitesSequentially(TestNG.java:1198)
	at org.testng.TestNG.runSuitesLocally(TestNG.java:1123)
	at org.testng.TestNG.run(TestNG.java:1031)
	at org.testng.remote.AbstractRemoteTestNG.run(AbstractRemoteTestNG.java:114)
	at org.testng.remote.RemoteTestNG.initAndRun(RemoteTestNG.java:251)
	at org.testng.remote.RemoteTestNG.main(RemoteTestNG.java:77)
]]>
            </full-stacktrace>
          </exception> <!-- java.lang.AssertionError -->
          <reporter-output>
          </reporter-output>
        </test-method> <!-- tc_AccountMaintenance -->
        <test-method status="PASS" signature="cleanup(org.testng.ITestResult)[pri:0, instance:testSuites.TS_SmokeTest@724af044]" name="cleanup" is-config="true" duration-ms="182" started-at="2019-01-04T14:13:27Z" finished-at="2019-01-04T14:13:27Z">
          <params>
            <param index="0">
              <value>
                <![CDATA[[TestResult name=tc_AccountMaintenance status=FAILURE method=TS_SmokeTest.tc_AccountMaintenance()[pri:0, instance:testSuites.TS_SmokeTest@724af044] output={null}]]]>
              </value>
            </param>
          </params>
          <reporter-output>
          </reporter-output>
        </test-method> <!-- cleanup -->
        <test-method status="PASS" signature="tc_SalesProjections()[pri:0, instance:testSuites.TS_SmokeTest@724af044]" name="tc_SalesProjections" duration-ms="38307" started-at="2019-01-04T14:13:27Z" finished-at="2019-01-04T14:14:06Z">
          <reporter-output>
          </reporter-output>
        </test-method> <!-- tc_SalesProjections -->
        <test-method status="PASS" signature="cleanup(org.testng.ITestResult)[pri:0, instance:testSuites.TS_SmokeTest@724af044]" name="cleanup" is-config="true" duration-ms="104" started-at="2019-01-04T14:14:06Z" finished-at="2019-01-04T14:14:06Z">
          <params>
            <param index="0">
              <value>
                <![CDATA[[TestResult name=tc_SalesProjections status=SUCCESS method=TS_SmokeTest.tc_SalesProjections()[pri:0, instance:testSuites.TS_SmokeTest@724af044] output={null}]]]>
              </value>
            </param>
          </params>
          <reporter-output>
          </reporter-output>
        </test-method> <!-- cleanup -->
        <test-method status="PASS" signature="teardown()[pri:0, instance:testSuites.TS_SmokeTest@724af044]" name="teardown" is-config="true" duration-ms="5082" started-at="2019-01-04T14:14:06Z" finished-at="2019-01-04T14:14:11Z">
          <reporter-output>
          </reporter-output>
        </test-method> <!-- teardown -->
      </class> <!-- testSuites.TS_SmokeTest -->
    </test> <!-- Test -->
  </suite> <!-- Suite -->
</testng-results>
